{"S:\\New folder\\NodeThumbnail\\server.js":{"path":"S:\\New folder\\NodeThumbnail\\server.js","s":{"1":1,"2":1,"3":1,"4":1,"5":1,"6":1,"7":1,"8":1,"9":1,"10":1,"11":1,"12":1,"13":1,"14":1,"15":1,"16":1,"17":1,"18":1,"19":1,"20":1,"21":1,"22":1,"23":1,"24":1,"25":1,"26":1,"27":1,"28":1,"29":1,"30":1,"31":1,"32":1,"33":1,"34":1,"35":2,"36":2,"37":1,"38":1,"39":0,"40":1,"41":1,"42":1,"43":2,"44":2,"45":1,"46":1,"47":0,"48":1,"49":1,"50":1,"51":0,"52":1,"53":0,"54":0,"55":0,"56":1,"57":1,"58":1,"59":1,"60":1,"61":1,"62":1,"63":0,"64":1,"65":1,"66":1,"67":1,"68":1,"69":0,"70":1,"71":1,"72":0,"73":1,"74":2,"75":2,"76":1,"77":1,"78":0,"79":1,"80":1,"81":1,"82":1,"83":1,"84":1,"85":0,"86":1,"87":0,"88":1,"89":1,"90":0,"91":1,"92":1,"93":1,"94":1,"95":1},"b":{"1":[1,1],"2":[2,2,2],"3":[1,1],"4":[0,1],"5":[2,2,2],"6":[1,1],"7":[0,1],"8":[0,0],"9":[1,1,1],"10":[1,0],"11":[0,1],"12":[2,2,2],"13":[1,1],"14":[0,1],"15":[0,1],"16":[0,1],"17":[1,0],"18":[0,1]},"f":{"1":1,"2":1,"3":1,"4":1,"5":1,"6":2,"7":1,"8":2,"9":1,"10":0,"11":0,"12":1,"13":1,"14":2,"15":1,"16":1,"17":1,"18":1},"fnMap":{"1":{"name":"(anonymous_1)","line":22,"loc":{"start":{"line":22,"column":12},"end":{"line":22,"column":29}}},"2":{"name":"(anonymous_2)","line":27,"loc":{"start":{"line":27,"column":17},"end":{"line":27,"column":34}}},"3":{"name":"(anonymous_3)","line":34,"loc":{"start":{"line":34,"column":11},"end":{"line":34,"column":24}}},"4":{"name":"(anonymous_4)","line":40,"loc":{"start":{"line":40,"column":24},"end":{"line":40,"column":41}}},"5":{"name":"(anonymous_5)","line":47,"loc":{"start":{"line":47,"column":11},"end":{"line":47,"column":24}}},"6":{"name":"(anonymous_6)","line":57,"loc":{"start":{"line":57,"column":19},"end":{"line":57,"column":36}}},"7":{"name":"(anonymous_7)","line":60,"loc":{"start":{"line":60,"column":43},"end":{"line":60,"column":64}}},"8":{"name":"(anonymous_8)","line":78,"loc":{"start":{"line":78,"column":30},"end":{"line":78,"column":47}}},"9":{"name":"(anonymous_9)","line":81,"loc":{"start":{"line":81,"column":43},"end":{"line":81,"column":64}}},"10":{"name":"(anonymous_10)","line":88,"loc":{"start":{"line":88,"column":32},"end":{"line":88,"column":50}}},"11":{"name":"(anonymous_11)","line":92,"loc":{"start":{"line":92,"column":20},"end":{"line":92,"column":37}}},"12":{"name":"(anonymous_12)","line":112,"loc":{"start":{"line":112,"column":26},"end":{"line":112,"column":43}}},"13":{"name":"(anonymous_13)","line":115,"loc":{"start":{"line":115,"column":43},"end":{"line":115,"column":64}}},"14":{"name":"(anonymous_14)","line":149,"loc":{"start":{"line":149,"column":26},"end":{"line":149,"column":43}}},"15":{"name":"(anonymous_15)","line":152,"loc":{"start":{"line":152,"column":43},"end":{"line":152,"column":64}}},"16":{"name":"(anonymous_16)","line":157,"loc":{"start":{"line":157,"column":18},"end":{"line":157,"column":37}}},"17":{"name":"(anonymous_17)","line":173,"loc":{"start":{"line":173,"column":28},"end":{"line":173,"column":45}}},"18":{"name":"(anonymous_18)","line":176,"loc":{"start":{"line":176,"column":4},"end":{"line":176,"column":22}}}},"statementMap":{"1":{"start":{"line":1,"column":0},"end":{"line":1,"column":31}},"2":{"start":{"line":2,"column":0},"end":{"line":2,"column":18}},"3":{"start":{"line":3,"column":0},"end":{"line":3,"column":38}},"4":{"start":{"line":4,"column":0},"end":{"line":4,"column":29}},"5":{"start":{"line":5,"column":0},"end":{"line":5,"column":33}},"6":{"start":{"line":6,"column":0},"end":{"line":6,"column":32}},"7":{"start":{"line":7,"column":0},"end":{"line":7,"column":31}},"8":{"start":{"line":8,"column":0},"end":{"line":8,"column":38}},"9":{"start":{"line":9,"column":0},"end":{"line":9,"column":35}},"10":{"start":{"line":10,"column":0},"end":{"line":10,"column":25}},"11":{"start":{"line":11,"column":0},"end":{"line":11,"column":27}},"12":{"start":{"line":12,"column":0},"end":{"line":12,"column":21}},"13":{"start":{"line":13,"column":0},"end":{"line":13,"column":34}},"14":{"start":{"line":14,"column":0},"end":{"line":14,"column":37}},"15":{"start":{"line":15,"column":0},"end":{"line":15,"column":34}},"16":{"start":{"line":16,"column":0},"end":{"line":16,"column":37}},"17":{"start":{"line":17,"column":0},"end":{"line":17,"column":49}},"18":{"start":{"line":18,"column":0},"end":{"line":18,"column":27}},"19":{"start":{"line":20,"column":0},"end":{"line":20,"column":23}},"20":{"start":{"line":22,"column":0},"end":{"line":25,"column":3}},"21":{"start":{"line":23,"column":1},"end":{"line":23,"column":64}},"22":{"start":{"line":27,"column":0},"end":{"line":38,"column":3}},"23":{"start":{"line":28,"column":1},"end":{"line":33,"column":4}},"24":{"start":{"line":34,"column":1},"end":{"line":37,"column":4}},"25":{"start":{"line":35,"column":2},"end":{"line":35,"column":41}},"26":{"start":{"line":36,"column":2},"end":{"line":36,"column":27}},"27":{"start":{"line":40,"column":0},"end":{"line":53,"column":3}},"28":{"start":{"line":41,"column":1},"end":{"line":46,"column":4}},"29":{"start":{"line":47,"column":1},"end":{"line":51,"column":4}},"30":{"start":{"line":49,"column":2},"end":{"line":49,"column":41}},"31":{"start":{"line":50,"column":2},"end":{"line":50,"column":27}},"32":{"start":{"line":55,"column":0},"end":{"line":55,"column":31}},"33":{"start":{"line":56,"column":0},"end":{"line":56,"column":26}},"34":{"start":{"line":57,"column":1},"end":{"line":75,"column":3}},"35":{"start":{"line":58,"column":2},"end":{"line":58,"column":80}},"36":{"start":{"line":59,"column":2},"end":{"line":74,"column":1}},"37":{"start":{"line":60,"column":3},"end":{"line":67,"column":4}},"38":{"start":{"line":61,"column":2},"end":{"line":66,"column":6}},"39":{"start":{"line":62,"column":3},"end":{"line":62,"column":76}},"40":{"start":{"line":65,"column":6},"end":{"line":65,"column":59}},"41":{"start":{"line":69,"column":1},"end":{"line":72,"column":4}},"42":{"start":{"line":78,"column":2},"end":{"line":107,"column":3}},"43":{"start":{"line":79,"column":2},"end":{"line":79,"column":80}},"44":{"start":{"line":80,"column":2},"end":{"line":106,"column":1}},"45":{"start":{"line":81,"column":3},"end":{"line":99,"column":4}},"46":{"start":{"line":82,"column":2},"end":{"line":98,"column":6}},"47":{"start":{"line":83,"column":3},"end":{"line":83,"column":76}},"48":{"start":{"line":86,"column":6},"end":{"line":86,"column":27}},"49":{"start":{"line":87,"column":6},"end":{"line":87,"column":48}},"50":{"start":{"line":88,"column":6},"end":{"line":91,"column":9}},"51":{"start":{"line":89,"column":7},"end":{"line":89,"column":27}},"52":{"start":{"line":92,"column":6},"end":{"line":96,"column":9}},"53":{"start":{"line":93,"column":7},"end":{"line":93,"column":25}},"54":{"start":{"line":93,"column":15},"end":{"line":93,"column":25}},"55":{"start":{"line":94,"column":7},"end":{"line":95,"column":30}},"56":{"start":{"line":97,"column":6},"end":{"line":97,"column":36}},"57":{"start":{"line":101,"column":1},"end":{"line":104,"column":4}},"58":{"start":{"line":112,"column":2},"end":{"line":145,"column":3}},"59":{"start":{"line":113,"column":2},"end":{"line":113,"column":80}},"60":{"start":{"line":114,"column":2},"end":{"line":144,"column":1}},"61":{"start":{"line":115,"column":3},"end":{"line":137,"column":4}},"62":{"start":{"line":116,"column":2},"end":{"line":136,"column":6}},"63":{"start":{"line":117,"column":3},"end":{"line":117,"column":76}},"64":{"start":{"line":120,"column":5},"end":{"line":135,"column":6}},"65":{"start":{"line":121,"column":6},"end":{"line":121,"column":24}},"66":{"start":{"line":122,"column":6},"end":{"line":122,"column":28}},"67":{"start":{"line":123,"column":6},"end":{"line":123,"column":35}},"68":{"start":{"line":124,"column":6},"end":{"line":124,"column":55}},"69":{"start":{"line":125,"column":6},"end":{"line":130,"column":9}},"70":{"start":{"line":133,"column":6},"end":{"line":133,"column":25}},"71":{"start":{"line":134,"column":6},"end":{"line":134,"column":54}},"72":{"start":{"line":139,"column":1},"end":{"line":142,"column":4}},"73":{"start":{"line":149,"column":3},"end":{"line":169,"column":3}},"74":{"start":{"line":150,"column":2},"end":{"line":150,"column":80}},"75":{"start":{"line":151,"column":2},"end":{"line":168,"column":1}},"76":{"start":{"line":152,"column":3},"end":{"line":161,"column":4}},"77":{"start":{"line":153,"column":2},"end":{"line":160,"column":6}},"78":{"start":{"line":154,"column":3},"end":{"line":154,"column":76}},"79":{"start":{"line":157,"column":5},"end":{"line":159,"column":8}},"80":{"start":{"line":158,"column":6},"end":{"line":158,"column":22}},"81":{"start":{"line":163,"column":1},"end":{"line":166,"column":4}},"82":{"start":{"line":173,"column":4},"end":{"line":198,"column":3}},"83":{"start":{"line":174,"column":2},"end":{"line":197,"column":5}},"84":{"start":{"line":177,"column":3},"end":{"line":177,"column":21}},"85":{"start":{"line":177,"column":11},"end":{"line":177,"column":21}},"86":{"start":{"line":178,"column":3},"end":{"line":196,"column":4}},"87":{"start":{"line":179,"column":4},"end":{"line":179,"column":81}},"88":{"start":{"line":180,"column":10},"end":{"line":196,"column":4}},"89":{"start":{"line":181,"column":4},"end":{"line":195,"column":5}},"90":{"start":{"line":182,"column":5},"end":{"line":182,"column":82}},"91":{"start":{"line":185,"column":5},"end":{"line":188,"column":8}},"92":{"start":{"line":189,"column":5},"end":{"line":189,"column":22}},"93":{"start":{"line":190,"column":5},"end":{"line":194,"column":8}},"94":{"start":{"line":200,"column":2},"end":{"line":200,"column":19}},"95":{"start":{"line":201,"column":2},"end":{"line":201,"column":57}}},"branchMap":{"1":{"line":13,"type":"binary-expr","locations":[{"start":{"line":13,"column":9},"end":{"line":13,"column":25}},{"start":{"line":13,"column":29},"end":{"line":13,"column":33}}]},"2":{"line":58,"type":"binary-expr","locations":[{"start":{"line":58,"column":13},"end":{"line":58,"column":27}},{"start":{"line":58,"column":31},"end":{"line":58,"column":46}},{"start":{"line":58,"column":50},"end":{"line":58,"column":79}}]},"3":{"line":59,"type":"if","locations":[{"start":{"line":59,"column":2},"end":{"line":59,"column":2}},{"start":{"line":59,"column":2},"end":{"line":59,"column":2}}]},"4":{"line":61,"type":"if","locations":[{"start":{"line":61,"column":2},"end":{"line":61,"column":2}},{"start":{"line":61,"column":2},"end":{"line":61,"column":2}}]},"5":{"line":79,"type":"binary-expr","locations":[{"start":{"line":79,"column":13},"end":{"line":79,"column":27}},{"start":{"line":79,"column":31},"end":{"line":79,"column":46}},{"start":{"line":79,"column":50},"end":{"line":79,"column":79}}]},"6":{"line":80,"type":"if","locations":[{"start":{"line":80,"column":2},"end":{"line":80,"column":2}},{"start":{"line":80,"column":2},"end":{"line":80,"column":2}}]},"7":{"line":82,"type":"if","locations":[{"start":{"line":82,"column":2},"end":{"line":82,"column":2}},{"start":{"line":82,"column":2},"end":{"line":82,"column":2}}]},"8":{"line":93,"type":"if","locations":[{"start":{"line":93,"column":7},"end":{"line":93,"column":7}},{"start":{"line":93,"column":7},"end":{"line":93,"column":7}}]},"9":{"line":113,"type":"binary-expr","locations":[{"start":{"line":113,"column":13},"end":{"line":113,"column":27}},{"start":{"line":113,"column":31},"end":{"line":113,"column":46}},{"start":{"line":113,"column":50},"end":{"line":113,"column":79}}]},"10":{"line":114,"type":"if","locations":[{"start":{"line":114,"column":2},"end":{"line":114,"column":2}},{"start":{"line":114,"column":2},"end":{"line":114,"column":2}}]},"11":{"line":116,"type":"if","locations":[{"start":{"line":116,"column":2},"end":{"line":116,"column":2}},{"start":{"line":116,"column":2},"end":{"line":116,"column":2}}]},"12":{"line":150,"type":"binary-expr","locations":[{"start":{"line":150,"column":13},"end":{"line":150,"column":27}},{"start":{"line":150,"column":31},"end":{"line":150,"column":46}},{"start":{"line":150,"column":50},"end":{"line":150,"column":79}}]},"13":{"line":151,"type":"if","locations":[{"start":{"line":151,"column":2},"end":{"line":151,"column":2}},{"start":{"line":151,"column":2},"end":{"line":151,"column":2}}]},"14":{"line":153,"type":"if","locations":[{"start":{"line":153,"column":2},"end":{"line":153,"column":2}},{"start":{"line":153,"column":2},"end":{"line":153,"column":2}}]},"15":{"line":177,"type":"if","locations":[{"start":{"line":177,"column":3},"end":{"line":177,"column":3}},{"start":{"line":177,"column":3},"end":{"line":177,"column":3}}]},"16":{"line":178,"type":"if","locations":[{"start":{"line":178,"column":3},"end":{"line":178,"column":3}},{"start":{"line":178,"column":3},"end":{"line":178,"column":3}}]},"17":{"line":180,"type":"if","locations":[{"start":{"line":180,"column":10},"end":{"line":180,"column":10}},{"start":{"line":180,"column":10},"end":{"line":180,"column":10}}]},"18":{"line":181,"type":"if","locations":[{"start":{"line":181,"column":4},"end":{"line":181,"column":4}},{"start":{"line":181,"column":4},"end":{"line":181,"column":4}}]}}},"S:\\New folder\\NodeThumbnail\\config.js":{"path":"S:\\New folder\\NodeThumbnail\\config.js","s":{"1":1},"b":{},"f":{},"fnMap":{},"statementMap":{"1":{"start":{"line":1,"column":0},"end":{"line":4,"column":2}}},"branchMap":{}},"S:\\New folder\\NodeThumbnail\\app\\models\\user.js":{"path":"S:\\New folder\\NodeThumbnail\\app\\models\\user.js","s":{"1":1,"2":1,"3":1},"b":{},"f":{},"fnMap":{},"statementMap":{"1":{"start":{"line":1,"column":0},"end":{"line":1,"column":33}},"2":{"start":{"line":2,"column":0},"end":{"line":2,"column":27}},"3":{"start":{"line":3,"column":0},"end":{"line":7,"column":4}}},"branchMap":{}}}