TN:
SF:S:\New folder\NodeThumbnail\server.js
FN:22,(anonymous_1)
FN:27,(anonymous_2)
FN:34,(anonymous_3)
FN:40,(anonymous_4)
FN:47,(anonymous_5)
FN:57,(anonymous_6)
FN:60,(anonymous_7)
FN:78,(anonymous_8)
FN:81,(anonymous_9)
FN:88,(anonymous_10)
FN:92,(anonymous_11)
FN:112,(anonymous_12)
FN:115,(anonymous_13)
FN:149,(anonymous_14)
FN:152,(anonymous_15)
FN:157,(anonymous_16)
FN:173,(anonymous_17)
FN:176,(anonymous_18)
FNF:18
FNH:16
FNDA:1,(anonymous_1)
FNDA:1,(anonymous_2)
FNDA:1,(anonymous_3)
FNDA:1,(anonymous_4)
FNDA:1,(anonymous_5)
FNDA:2,(anonymous_6)
FNDA:1,(anonymous_7)
FNDA:2,(anonymous_8)
FNDA:1,(anonymous_9)
FNDA:0,(anonymous_10)
FNDA:0,(anonymous_11)
FNDA:1,(anonymous_12)
FNDA:1,(anonymous_13)
FNDA:2,(anonymous_14)
FNDA:1,(anonymous_15)
FNDA:1,(anonymous_16)
FNDA:1,(anonymous_17)
FNDA:1,(anonymous_18)
DA:1,1
DA:2,1
DA:3,1
DA:4,1
DA:5,1
DA:6,1
DA:7,1
DA:8,1
DA:9,1
DA:10,1
DA:11,1
DA:12,1
DA:13,1
DA:14,1
DA:15,1
DA:16,1
DA:17,1
DA:18,1
DA:20,1
DA:22,1
DA:23,1
DA:27,1
DA:28,1
DA:34,1
DA:35,1
DA:36,1
DA:40,1
DA:41,1
DA:47,1
DA:49,1
DA:50,1
DA:55,1
DA:56,1
DA:57,1
DA:58,2
DA:59,2
DA:60,1
DA:61,1
DA:62,0
DA:65,1
DA:69,1
DA:78,1
DA:79,2
DA:80,2
DA:81,1
DA:82,1
DA:83,0
DA:86,1
DA:87,1
DA:88,1
DA:89,0
DA:92,1
DA:93,0
DA:94,0
DA:97,1
DA:101,1
DA:112,1
DA:113,1
DA:114,1
DA:115,1
DA:116,1
DA:117,0
DA:120,1
DA:121,1
DA:122,1
DA:123,1
DA:124,1
DA:125,0
DA:133,1
DA:134,1
DA:139,0
DA:149,1
DA:150,2
DA:151,2
DA:152,1
DA:153,1
DA:154,0
DA:157,1
DA:158,1
DA:163,1
DA:173,1
DA:174,1
DA:177,1
DA:178,1
DA:179,0
DA:180,1
DA:181,1
DA:182,0
DA:185,1
DA:189,1
DA:190,1
DA:200,1
DA:201,1
LF:93
LH:82
BRDA:13,1,0,1
BRDA:13,1,1,1
BRDA:58,2,0,2
BRDA:58,2,1,2
BRDA:58,2,2,2
BRDA:59,3,0,1
BRDA:59,3,1,1
BRDA:61,4,0,0
BRDA:61,4,1,1
BRDA:79,5,0,2
BRDA:79,5,1,2
BRDA:79,5,2,2
BRDA:80,6,0,1
BRDA:80,6,1,1
BRDA:82,7,0,0
BRDA:82,7,1,1
BRDA:93,8,0,0
BRDA:93,8,1,0
BRDA:113,9,0,1
BRDA:113,9,1,1
BRDA:113,9,2,1
BRDA:114,10,0,1
BRDA:114,10,1,0
BRDA:116,11,0,0
BRDA:116,11,1,1
BRDA:150,12,0,2
BRDA:150,12,1,2
BRDA:150,12,2,2
BRDA:151,13,0,1
BRDA:151,13,1,1
BRDA:153,14,0,0
BRDA:153,14,1,1
BRDA:177,15,0,0
BRDA:177,15,1,1
BRDA:178,16,0,0
BRDA:178,16,1,1
BRDA:180,17,0,1
BRDA:180,17,1,0
BRDA:181,18,0,0
BRDA:181,18,1,1
BRF:40
BRH:29
end_of_record
TN:
SF:S:\New folder\NodeThumbnail\config.js
FNF:0
FNH:0
DA:1,1
LF:1
LH:1
BRF:0
BRH:0
end_of_record
TN:
SF:S:\New folder\NodeThumbnail\app\models\user.js
FNF:0
FNH:0
DA:1,1
DA:2,1
DA:3,1
LF:3
LH:3
BRF:0
BRH:0
end_of_record
